2025-11-11 16:09:06 | INFO     | VultrDrive | __init__:78 | Logger inicializado. Logs en: C:\Users\Administrator\Desktop\VultrDriveDesktop\logs
2025-11-11 16:09:09 | DEBUG    | VultrDrive | main:283 | WinFsp ya está instalado
2025-11-11 16:09:11 | INFO     | VultrDrive | __init__:78 | Logger inicializado. Logs en: C:\Users\Administrator\Desktop\VultrDriveDesktop\logs
2025-11-11 16:09:13 | INFO     | VultrDrive | main:330 | Migrados 1 perfil(es) a encriptación
2025-11-11 16:09:14 | INFO     | VultrDrive | __init__:78 | Logger inicializado. Logs en: C:\Users\Administrator\Desktop\VultrDriveDesktop\logs
2025-11-11 16:09:15 | INFO     | VultrDrive | main:342 | Aplicación iniciada correctamente
2025-11-11 16:09:16 | DEBUG    | VultrDrive | main:283 | WinFsp ya está instalado
2025-11-11 16:09:19 | INFO     | VultrDrive | main:330 | Migrados 1 perfil(es) a encriptación
2025-11-11 16:09:20 | INFO     | VultrDrive | main:342 | Aplicación iniciada correctamente
2025-11-11 16:45:02 | INFO     | VultrDrive | __init__:78 | Logger inicializado. Logs en: C:\Users\Administrator\Desktop\VultrDriveDesktop\logs
2025-11-11 16:45:04 | DEBUG    | VultrDrive | main:283 | WinFsp ya está instalado
2025-11-11 16:45:10 | INFO     | VultrDrive | main:342 | Aplicación iniciada correctamente
2025-11-11 16:48:26 | INFO     | VultrDrive | __init__:78 | Logger inicializado. Logs en: C:\Users\Administrator\Desktop\VultrDriveDesktop\logs
2025-11-11 16:48:40 | DEBUG    | VultrDrive | main:283 | WinFsp ya está instalado
2025-11-11 16:48:41 | DEBUG    | VultrDrive.s3_handler | __init__:54 | S3Handler inicializado para lax1.vultrobjects.com
2025-11-11 16:48:41 | INFO     | VultrDrive.ui.main_window | load_profile:1057 | Perfil 'almacen-de-backups-cuenta-destino' cargado exitosamente
2025-11-11 16:48:41 | DEBUG    | VultrDrive.s3_handler | list_buckets:75 | Intentando listar buckets desde lax1.vultrobjects.com
2025-11-11 16:48:42 | ERROR    | VultrDrive.s3_handler | list_buckets:94 | Error de autenticación: InvalidAccessKeyId - None
2025-11-11 16:48:42 | ERROR    | VultrDrive.ErrorHandler | _log_error:329 | [Autenticación] Credenciales inválidas. Verifica tu Access Key y Secret Key.

Error: None | Contexto: list_buckets
2025-11-11 16:48:42 | INFO     | VultrDrive.ErrorHandler | _log_error:332 | Sugerencia: 1. Verifica tu Access Key y Secret Key
2. Asegúrate de que las credenciales sean correctas
3. Verifica que la cuenta no esté bloqueada
2025-11-11 16:51:22 | INFO     | VultrDrive | __init__:78 | Logger inicializado. Logs en: C:\Users\Administrator\Desktop\VultrDriveDesktop\logs
2025-11-11 16:51:23 | DEBUG    | VultrDrive | main:283 | WinFsp ya está instalado
2025-11-11 16:51:25 | DEBUG    | VultrDrive.s3_handler | __init__:54 | S3Handler inicializado para lax1.vultrobjects.com
2025-11-11 16:51:25 | INFO     | VultrDrive.ui.main_window | load_profile:1061 | Perfil 'almacen-de-backups-cuenta-destino' cargado exitosamente
2025-11-11 16:51:25 | DEBUG    | VultrDrive.s3_handler | list_buckets:75 | Intentando listar buckets desde lax1.vultrobjects.com
2025-11-11 16:51:26 | ERROR    | VultrDrive.s3_handler | list_buckets:94 | Error de autenticación: InvalidAccessKeyId - None
2025-11-11 16:51:26 | ERROR    | VultrDrive.ErrorHandler | _log_error:329 | [Autenticación] Credenciales inválidas. Verifica tu Access Key y Secret Key.

Error: None | Contexto: list_buckets
2025-11-11 16:51:26 | INFO     | VultrDrive.ErrorHandler | _log_error:332 | Sugerencia: 1. Verifica tu Access Key y Secret Key
2. Asegúrate de que las credenciales sean correctas
3. Verifica que la cuenta no esté bloqueada
2025-11-11 16:52:45 | ERROR    | VultrDrive.ui.main_window | refresh_buckets:1010 | Error al refrescar buckets: Credenciales inválidas. Verifica tu Access Key y Secret Key.

Error: None
2025-11-11 16:52:45 | INFO     | VultrDrive | main:367 | Aplicación iniciada correctamente
2025-11-11 16:52:54 | DEBUG    | VultrDrive.s3_handler | list_buckets:75 | Intentando listar buckets desde lax1.vultrobjects.com
2025-11-11 16:52:55 | ERROR    | VultrDrive.s3_handler | list_buckets:94 | Error de autenticación: InvalidAccessKeyId - None
2025-11-11 16:52:55 | ERROR    | VultrDrive.ErrorHandler | _log_error:329 | [Autenticación] Credenciales inválidas. Verifica tu Access Key y Secret Key.

Error: None | Contexto: list_buckets
2025-11-11 16:52:55 | INFO     | VultrDrive.ErrorHandler | _log_error:332 | Sugerencia: 1. Verifica tu Access Key y Secret Key
2. Asegúrate de que las credenciales sean correctas
3. Verifica que la cuenta no esté bloqueada
2025-11-11 16:53:07 | ERROR    | VultrDrive.ui.main_window | refresh_buckets:1010 | Error al refrescar buckets: Credenciales inválidas. Verifica tu Access Key y Secret Key.

Error: None
2025-11-11 16:55:10 | INFO     | VultrDrive | __init__:78 | Logger inicializado. Logs en: C:\Users\Administrator\Desktop\VultrDriveDesktop\logs
2025-11-11 16:55:12 | DEBUG    | VultrDrive | main:283 | WinFsp ya está instalado
2025-11-11 16:55:16 | DEBUG    | VultrDrive.s3_handler | __init__:54 | S3Handler inicializado para lax1.vultrobjects.com
2025-11-11 16:55:16 | INFO     | VultrDrive.ui.main_window | load_profile:1061 | Perfil 'almacen-de-backups-cuenta-destino' cargado exitosamente
2025-11-11 16:55:16 | DEBUG    | VultrDrive.s3_handler | list_buckets:75 | Intentando listar buckets desde lax1.vultrobjects.com
2025-11-11 16:55:16 | ERROR    | VultrDrive.s3_handler | list_buckets:94 | Error de autenticación: InvalidAccessKeyId - None
2025-11-11 16:55:16 | ERROR    | VultrDrive.ErrorHandler | _log_error:329 | [Autenticación] Credenciales inválidas. Verifica tu Access Key y Secret Key.

Error: None | Contexto: list_buckets
2025-11-11 16:55:16 | INFO     | VultrDrive.ErrorHandler | _log_error:332 | Sugerencia: 1. Verifica tu Access Key y Secret Key
2. Asegúrate de que las credenciales sean correctas
3. Verifica que la cuenta no esté bloqueada
2025-11-11 16:55:36 | ERROR    | VultrDrive.ui.main_window | refresh_buckets:1010 | Error al refrescar buckets: Credenciales inválidas. Verifica tu Access Key y Secret Key.

Error: None
2025-11-11 16:55:36 | INFO     | VultrDrive | main:367 | Aplicación iniciada correctamente
2025-11-11 16:55:47 | DEBUG    | VultrDrive.s3_handler | list_buckets:75 | Intentando listar buckets desde lax1.vultrobjects.com
2025-11-11 16:55:47 | ERROR    | VultrDrive.s3_handler | list_buckets:94 | Error de autenticación: InvalidAccessKeyId - None
2025-11-11 16:55:47 | ERROR    | VultrDrive.ErrorHandler | _log_error:329 | [Autenticación] Credenciales inválidas. Verifica tu Access Key y Secret Key.

Error: None | Contexto: list_buckets
2025-11-11 16:55:47 | INFO     | VultrDrive.ErrorHandler | _log_error:332 | Sugerencia: 1. Verifica tu Access Key y Secret Key
2. Asegúrate de que las credenciales sean correctas
3. Verifica que la cuenta no esté bloqueada
2025-11-11 16:55:54 | ERROR    | VultrDrive.ui.main_window | refresh_buckets:1010 | Error al refrescar buckets: Credenciales inválidas. Verifica tu Access Key y Secret Key.

Error: None
2025-11-11 16:59:28 | INFO     | VultrDrive | __init__:78 | Logger inicializado. Logs en: C:\Users\Administrator\Desktop\VultrDriveDesktop\logs
2025-11-11 16:59:32 | DEBUG    | VultrDrive | main:283 | WinFsp ya está instalado
2025-11-11 16:59:36 | DEBUG    | VultrDrive.s3_handler | __init__:54 | S3Handler inicializado para lax1.vultrobjects.com
2025-11-11 16:59:36 | INFO     | VultrDrive.ui.main_window | load_profile:1061 | Perfil 'almacen-de-backups-cuenta-destino' cargado exitosamente
2025-11-11 16:59:36 | DEBUG    | VultrDrive.s3_handler | list_buckets:75 | Intentando listar buckets desde lax1.vultrobjects.com
2025-11-11 16:59:37 | ERROR    | VultrDrive.s3_handler | list_buckets:94 | Error de autenticación: InvalidAccessKeyId - None
2025-11-11 16:59:37 | ERROR    | VultrDrive.ErrorHandler | _log_error:329 | [Autenticación] Credenciales inválidas. Verifica tu Access Key y Secret Key.

Error: None | Contexto: list_buckets
2025-11-11 16:59:37 | INFO     | VultrDrive.ErrorHandler | _log_error:332 | Sugerencia: 1. Verifica tu Access Key y Secret Key
2. Asegúrate de que las credenciales sean correctas
3. Verifica que la cuenta no esté bloqueada
2025-11-11 17:01:11 | ERROR    | VultrDrive.ui.main_window | refresh_buckets:1010 | Error al refrescar buckets: Credenciales inválidas. Verifica tu Access Key y Secret Key.

Error: None
2025-11-11 17:01:12 | INFO     | VultrDrive | main:371 | Aplicación iniciada correctamente
2025-11-11 17:01:19 | DEBUG    | VultrDrive.s3_handler | list_buckets:75 | Intentando listar buckets desde lax1.vultrobjects.com
2025-11-11 17:01:20 | ERROR    | VultrDrive.s3_handler | list_buckets:94 | Error de autenticación: InvalidAccessKeyId - None
2025-11-11 17:01:20 | ERROR    | VultrDrive.ErrorHandler | _log_error:329 | [Autenticación] Credenciales inválidas. Verifica tu Access Key y Secret Key.

Error: None | Contexto: list_buckets
2025-11-11 17:01:20 | INFO     | VultrDrive.ErrorHandler | _log_error:332 | Sugerencia: 1. Verifica tu Access Key y Secret Key
2. Asegúrate de que las credenciales sean correctas
3. Verifica que la cuenta no esté bloqueada
2025-11-11 17:01:23 | ERROR    | VultrDrive.ui.main_window | refresh_buckets:1010 | Error al refrescar buckets: Credenciales inválidas. Verifica tu Access Key y Secret Key.

Error: None
2025-11-11 17:02:17 | INFO     | VultrDrive | __init__:78 | Logger inicializado. Logs en: C:\Users\Administrator\Desktop\VultrDriveDesktop\logs
2025-11-11 17:02:19 | DEBUG    | VultrDrive | main:283 | WinFsp ya está instalado
2025-11-11 17:02:23 | DEBUG    | VultrDrive.s3_handler | __init__:54 | S3Handler inicializado para lax1.vultrobjects.com
2025-11-11 17:02:23 | INFO     | VultrDrive.ui.main_window | load_profile:1080 | Perfil 'almacen-de-backups-cuenta-destino' cargado exitosamente
2025-11-11 17:02:23 | DEBUG    | VultrDrive.s3_handler | list_buckets:75 | Intentando listar buckets desde lax1.vultrobjects.com
2025-11-11 17:02:24 | ERROR    | VultrDrive.s3_handler | list_buckets:94 | Error de autenticación: InvalidAccessKeyId - None
2025-11-11 17:02:24 | ERROR    | VultrDrive.ErrorHandler | _log_error:329 | [Autenticación] Credenciales inválidas. Verifica tu Access Key y Secret Key.

Error: None | Contexto: list_buckets
2025-11-11 17:02:24 | INFO     | VultrDrive.ErrorHandler | _log_error:332 | Sugerencia: 1. Verifica tu Access Key y Secret Key
2. Asegúrate de que las credenciales sean correctas
3. Verifica que la cuenta no esté bloqueada
2025-11-11 17:02:54 | ERROR    | VultrDrive.ui.main_window | refresh_buckets:1010 | Error al refrescar buckets: Credenciales inválidas. Verifica tu Access Key y Secret Key.

Error: None
2025-11-11 17:02:54 | INFO     | VultrDrive | main:380 | Aplicación iniciada correctamente
2025-11-11 17:04:48 | INFO     | VultrDrive | __init__:78 | Logger inicializado. Logs en: C:\Users\Administrator\Desktop\VultrDriveDesktop\logs
2025-11-11 17:04:50 | DEBUG    | VultrDrive | main:283 | WinFsp ya está instalado
2025-11-11 17:04:51 | DEBUG    | VultrDrive.s3_handler | __init__:54 | S3Handler inicializado para lax1.vultrobjects.com
2025-11-11 17:04:51 | INFO     | VultrDrive.ui.main_window | load_profile:1087 | Perfil 'almacen-de-backups-cuenta-destino' cargado exitosamente
2025-11-11 17:04:51 | DEBUG    | VultrDrive.s3_handler | list_buckets:75 | Intentando listar buckets desde lax1.vultrobjects.com
2025-11-11 17:04:53 | ERROR    | VultrDrive.s3_handler | list_buckets:94 | Error de autenticación: InvalidAccessKeyId - None
2025-11-11 17:04:53 | ERROR    | VultrDrive.ErrorHandler | _log_error:329 | [Autenticación] Credenciales inválidas. Verifica tu Access Key y Secret Key.

Error: None | Contexto: list_buckets
2025-11-11 17:04:53 | INFO     | VultrDrive.ErrorHandler | _log_error:332 | Sugerencia: 1. Verifica tu Access Key y Secret Key
2. Asegúrate de que las credenciales sean correctas
3. Verifica que la cuenta no esté bloqueada
2025-11-11 17:05:16 | ERROR    | VultrDrive.ui.main_window | refresh_buckets:1017 | Error al refrescar buckets: Credenciales inválidas. Verifica tu Access Key y Secret Key.

Error: None
2025-11-11 17:05:17 | INFO     | VultrDrive | main:380 | Aplicación iniciada correctamente
2025-11-11 17:05:17 | DEBUG    | VultrDrive.s3_handler | list_buckets:75 | Intentando listar buckets desde lax1.vultrobjects.com
2025-11-11 17:05:18 | ERROR    | VultrDrive.s3_handler | list_buckets:94 | Error de autenticación: InvalidAccessKeyId - None
2025-11-11 17:05:18 | ERROR    | VultrDrive.ErrorHandler | _log_error:329 | [Autenticación] Credenciales inválidas. Verifica tu Access Key y Secret Key.

Error: None | Contexto: list_buckets
2025-11-11 17:05:18 | INFO     | VultrDrive.ErrorHandler | _log_error:332 | Sugerencia: 1. Verifica tu Access Key y Secret Key
2. Asegúrate de que las credenciales sean correctas
3. Verifica que la cuenta no esté bloqueada
2025-11-11 17:05:36 | ERROR    | VultrDrive.ui.main_window | refresh_buckets:1017 | Error al refrescar buckets: Credenciales inválidas. Verifica tu Access Key y Secret Key.

Error: None
2025-11-11 17:17:19 | INFO     | VultrDrive | __init__:78 | Logger inicializado. Logs en: c:\Users\Administrator\Desktop\VultrDriveDesktop\logs
2025-11-11 17:17:22 | DEBUG    | VultrDrive | main:283 | WinFsp ya está instalado
2025-11-11 17:17:46 | INFO     | VultrDrive | __init__:78 | Logger inicializado. Logs en: c:\Users\Administrator\Desktop\VultrDriveDesktop\logs
2025-11-11 17:17:49 | DEBUG    | VultrDrive | main:283 | WinFsp ya está instalado
2025-11-11 17:18:34 | INFO     | VultrDrive | __init__:78 | Logger inicializado. Logs en: C:\Users\Administrator\Desktop\VultrDriveDesktop\logs
2025-11-11 17:18:37 | DEBUG    | VultrDrive | main:283 | WinFsp ya está instalado
2025-11-11 17:18:58 | INFO     | VultrDrive | __init__:78 | Logger inicializado. Logs en: C:\Users\Administrator\Desktop\VultrDriveDesktop\logs
2025-11-11 17:18:59 | DEBUG    | VultrDrive | main:283 | WinFsp ya está instalado
2025-11-11 17:19:00 | DEBUG    | VultrDrive.s3_handler | __init__:54 | S3Handler inicializado para lax1.vultrobjects.com
2025-11-11 17:19:00 | INFO     | VultrDrive.ui.main_window | load_profile:1087 | Perfil 'almacen-de-backups-cuenta-destino' cargado exitosamente
2025-11-11 17:19:00 | DEBUG    | VultrDrive.s3_handler | list_buckets:75 | Intentando listar buckets desde lax1.vultrobjects.com
2025-11-11 17:19:01 | ERROR    | VultrDrive.s3_handler | list_buckets:94 | Error de autenticación: InvalidAccessKeyId - None
2025-11-11 17:19:01 | ERROR    | VultrDrive.ErrorHandler | _log_error:329 | [Autenticación] Credenciales inválidas. Verifica tu Access Key y Secret Key.

Error: None | Contexto: list_buckets
2025-11-11 17:19:01 | INFO     | VultrDrive.ErrorHandler | _log_error:332 | Sugerencia: 1. Verifica tu Access Key y Secret Key
2. Asegúrate de que las credenciales sean correctas
3. Verifica que la cuenta no esté bloqueada
2025-11-11 17:20:22 | ERROR    | VultrDrive.ui.main_window | refresh_buckets:1017 | Error al refrescar buckets: Credenciales inválidas. Verifica tu Access Key y Secret Key.

Error: None
2025-11-11 17:20:22 | INFO     | VultrDrive | main:380 | Aplicación iniciada correctamente
2025-11-11 17:20:23 | DEBUG    | VultrDrive.s3_handler | list_buckets:75 | Intentando listar buckets desde lax1.vultrobjects.com
2025-11-11 17:20:23 | ERROR    | VultrDrive.s3_handler | list_buckets:94 | Error de autenticación: InvalidAccessKeyId - None
2025-11-11 17:20:23 | ERROR    | VultrDrive.ErrorHandler | _log_error:329 | [Autenticación] Credenciales inválidas. Verifica tu Access Key y Secret Key.

Error: None | Contexto: list_buckets
2025-11-11 17:20:23 | INFO     | VultrDrive.ErrorHandler | _log_error:332 | Sugerencia: 1. Verifica tu Access Key y Secret Key
2. Asegúrate de que las credenciales sean correctas
3. Verifica que la cuenta no esté bloqueada
2025-11-11 17:20:27 | ERROR    | VultrDrive.ui.main_window | refresh_buckets:1017 | Error al refrescar buckets: Credenciales inválidas. Verifica tu Access Key y Secret Key.

Error: None
2025-11-11 17:22:09 | INFO     | VultrDrive | __init__:78 | Logger inicializado. Logs en: C:\Users\Administrator\Desktop\VultrDriveDesktop\logs
2025-11-11 17:22:12 | DEBUG    | VultrDrive | main:283 | WinFsp ya está instalado
2025-11-11 17:22:13 | INFO     | VultrDrive | main:336 | Migrados 1 perfil(es) a encriptación
2025-11-11 17:22:13 | WARNING  | VultrDrive.ui.main_window | load_profile:1044 | Perfil 'almacen-de-backups-cuenta-destino' necesita reautenticación
2025-11-11 17:23:45 | INFO     | VultrDrive | main:380 | Aplicación iniciada correctamente
2025-11-11 17:26:12 | INFO     | VultrDrive | __init__:78 | Logger inicializado. Logs en: C:\Users\Administrator\Desktop\VultrDriveDesktop\logs
2025-11-11 17:26:15 | DEBUG    | VultrDrive | main:283 | WinFsp ya está instalado
2025-11-11 17:26:19 | WARNING  | VultrDrive.ui.main_window | load_profile:1044 | Perfil 'almacen-de-backups-cuenta-destino' necesita reautenticación
2025-11-11 17:26:33 | INFO     | VultrDrive | main:380 | Aplicación iniciada correctamente
2025-11-11 17:27:48 | INFO     | VultrDrive | __init__:78 | Logger inicializado. Logs en: C:\Users\Administrator\Desktop\VultrDriveDesktop\logs
2025-11-11 17:27:58 | DEBUG    | VultrDrive | main:283 | WinFsp ya está instalado
2025-11-11 17:27:59 | ERROR    | VultrDrive.ui.main_window | load_profile:1047 | Perfil 'almacen-de-backups-cuenta-destino' tiene credenciales vacías
2025-11-11 17:29:46 | INFO     | VultrDrive | main:372 | Aplicación iniciada correctamente
2025-11-11 17:31:21 | INFO     | VultrDrive | __init__:78 | Logger inicializado. Logs en: C:\Users\Administrator\Desktop\VultrDriveDesktop\logs
2025-11-11 17:31:25 | DEBUG    | VultrDrive | main:283 | WinFsp ya está instalado
2025-11-11 17:31:27 | DEBUG    | VultrDrive.s3_handler | __init__:54 | S3Handler inicializado para lax1.vultrobjects.com
2025-11-11 17:31:27 | INFO     | VultrDrive.ui.main_window | load_profile:1068 | Perfil 'almacen-de-backups-cuenta-destino' cargado exitosamente
2025-11-11 17:31:27 | DEBUG    | VultrDrive.s3_handler | list_buckets:75 | Intentando listar buckets desde lax1.vultrobjects.com
2025-11-11 17:31:28 | INFO     | VultrDrive.s3_handler | list_buckets:81 | Encontrados 2 buckets: ['almacen-de-backups-cuenta-destino', 'civer-backups']
2025-11-11 17:31:28 | INFO     | VultrDrive.ui.main_window | refresh_buckets:1022 | Buckets cargados exitosamente: 2
2025-11-11 17:31:28 | INFO     | VultrDrive | main:372 | Aplicación iniciada correctamente
2025-11-11 17:31:29 | DEBUG    | VultrDrive.s3_handler | list_buckets:75 | Intentando listar buckets desde lax1.vultrobjects.com
2025-11-11 17:31:29 | INFO     | VultrDrive.s3_handler | list_buckets:81 | Encontrados 2 buckets: ['almacen-de-backups-cuenta-destino', 'civer-backups']
2025-11-11 17:31:29 | INFO     | VultrDrive.ui.main_window | refresh_buckets:1022 | Buckets cargados exitosamente: 2
2025-11-11 17:35:09 | INFO     | VultrDrive | __init__:78 | Logger inicializado. Logs en: C:\Users\Administrator\Desktop\VultrDriveDesktop\logs
2025-11-11 17:35:12 | DEBUG    | VultrDrive | main:283 | WinFsp ya está instalado
2025-11-11 17:35:13 | DEBUG    | VultrDrive.s3_handler | __init__:54 | S3Handler inicializado para lax1.vultrobjects.com
2025-11-11 17:35:13 | INFO     | VultrDrive.ui.main_window | load_profile:1068 | Perfil 'almacen-de-backups-cuenta-destino' cargado exitosamente
2025-11-11 17:35:13 | DEBUG    | VultrDrive.s3_handler | list_buckets:75 | Intentando listar buckets desde lax1.vultrobjects.com
2025-11-11 17:35:14 | INFO     | VultrDrive.s3_handler | list_buckets:81 | Encontrados 2 buckets: ['almacen-de-backups-cuenta-destino', 'civer-backups']
2025-11-11 17:35:14 | INFO     | VultrDrive.ui.main_window | refresh_buckets:1022 | Buckets cargados exitosamente: 2
2025-11-11 17:35:14 | DEBUG    | VultrDrive.s3_handler | get_bucket_size:182 | Calculando tamaño del bucket 'almacen-de-backups-cuenta-destino'
2025-11-11 17:35:15 | INFO     | VultrDrive.s3_handler | get_bucket_size:193 | Tamaño del bucket 'almacen-de-backups-cuenta-destino': 411212586955 bytes (392162.88 MB)
2025-11-11 17:35:16 | DEBUG    | VultrDrive.s3_handler | list_buckets:75 | Intentando listar buckets desde lax1.vultrobjects.com
2025-11-11 17:35:16 | INFO     | VultrDrive.s3_handler | list_buckets:81 | Encontrados 2 buckets: ['almacen-de-backups-cuenta-destino', 'civer-backups']
2025-11-11 17:35:16 | INFO     | VultrDrive.ui.main_window | refresh_buckets:1022 | Buckets cargados exitosamente: 2
2025-11-11 17:35:16 | INFO     | VultrDrive | main:372 | Aplicación iniciada correctamente
2025-11-11 17:35:42 | DEBUG    | VultrDrive.s3_handler | get_bucket_size:182 | Calculando tamaño del bucket 'almacen-de-backups-cuenta-destino'
2025-11-11 17:35:42 | INFO     | VultrDrive.s3_handler | get_bucket_size:193 | Tamaño del bucket 'almacen-de-backups-cuenta-destino': 411212586955 bytes (392162.88 MB)
2025-11-11 17:36:12 | DEBUG    | VultrDrive.s3_handler | get_bucket_size:182 | Calculando tamaño del bucket 'almacen-de-backups-cuenta-destino'
2025-11-11 17:36:12 | INFO     | VultrDrive.s3_handler | get_bucket_size:193 | Tamaño del bucket 'almacen-de-backups-cuenta-destino': 411212586955 bytes (392162.88 MB)
2025-11-11 17:36:42 | DEBUG    | VultrDrive.s3_handler | get_bucket_size:182 | Calculando tamaño del bucket 'almacen-de-backups-cuenta-destino'
2025-11-11 17:36:42 | INFO     | VultrDrive.s3_handler | get_bucket_size:193 | Tamaño del bucket 'almacen-de-backups-cuenta-destino': 411212586955 bytes (392162.88 MB)
2025-11-11 17:37:12 | DEBUG    | VultrDrive.s3_handler | get_bucket_size:182 | Calculando tamaño del bucket 'almacen-de-backups-cuenta-destino'
2025-11-11 17:37:12 | INFO     | VultrDrive.s3_handler | get_bucket_size:193 | Tamaño del bucket 'almacen-de-backups-cuenta-destino': 411212587223 bytes (392162.88 MB)
2025-11-11 17:37:42 | DEBUG    | VultrDrive.s3_handler | get_bucket_size:182 | Calculando tamaño del bucket 'almacen-de-backups-cuenta-destino'
2025-11-11 17:37:42 | INFO     | VultrDrive.s3_handler | get_bucket_size:193 | Tamaño del bucket 'almacen-de-backups-cuenta-destino': 411212609396 bytes (392162.90 MB)
2025-11-11 17:38:12 | DEBUG    | VultrDrive.s3_handler | get_bucket_size:182 | Calculando tamaño del bucket 'almacen-de-backups-cuenta-destino'
2025-11-11 17:38:12 | INFO     | VultrDrive.s3_handler | get_bucket_size:193 | Tamaño del bucket 'almacen-de-backups-cuenta-destino': 411212609712 bytes (392162.90 MB)
2025-11-11 17:38:42 | DEBUG    | VultrDrive.s3_handler | get_bucket_size:182 | Calculando tamaño del bucket 'almacen-de-backups-cuenta-destino'
2025-11-11 17:38:42 | INFO     | VultrDrive.s3_handler | get_bucket_size:193 | Tamaño del bucket 'almacen-de-backups-cuenta-destino': 411212610028 bytes (392162.90 MB)
2025-11-11 17:39:12 | DEBUG    | VultrDrive.s3_handler | get_bucket_size:182 | Calculando tamaño del bucket 'almacen-de-backups-cuenta-destino'
2025-11-11 17:39:12 | INFO     | VultrDrive.s3_handler | get_bucket_size:193 | Tamaño del bucket 'almacen-de-backups-cuenta-destino': 411212610344 bytes (392162.91 MB)
2025-11-11 17:39:42 | DEBUG    | VultrDrive.s3_handler | get_bucket_size:182 | Calculando tamaño del bucket 'almacen-de-backups-cuenta-destino'
2025-11-11 17:39:42 | INFO     | VultrDrive.s3_handler | get_bucket_size:193 | Tamaño del bucket 'almacen-de-backups-cuenta-destino': 411212610660 bytes (392162.91 MB)
2025-11-11 17:40:12 | DEBUG    | VultrDrive.s3_handler | get_bucket_size:182 | Calculando tamaño del bucket 'almacen-de-backups-cuenta-destino'
2025-11-11 17:40:12 | INFO     | VultrDrive.s3_handler | get_bucket_size:193 | Tamaño del bucket 'almacen-de-backups-cuenta-destino': 411212610976 bytes (392162.91 MB)
2025-11-11 17:40:42 | DEBUG    | VultrDrive.s3_handler | get_bucket_size:182 | Calculando tamaño del bucket 'almacen-de-backups-cuenta-destino'
2025-11-11 17:40:42 | INFO     | VultrDrive.s3_handler | get_bucket_size:193 | Tamaño del bucket 'almacen-de-backups-cuenta-destino': 411212611292 bytes (392162.91 MB)
2025-11-11 17:41:12 | DEBUG    | VultrDrive.s3_handler | get_bucket_size:182 | Calculando tamaño del bucket 'almacen-de-backups-cuenta-destino'
2025-11-11 17:41:12 | INFO     | VultrDrive.s3_handler | get_bucket_size:193 | Tamaño del bucket 'almacen-de-backups-cuenta-destino': 411212611608 bytes (392162.91 MB)
2025-11-11 17:41:42 | DEBUG    | VultrDrive.s3_handler | get_bucket_size:182 | Calculando tamaño del bucket 'almacen-de-backups-cuenta-destino'
2025-11-11 17:41:42 | INFO     | VultrDrive.s3_handler | get_bucket_size:193 | Tamaño del bucket 'almacen-de-backups-cuenta-destino': 411212611924 bytes (392162.91 MB)
2025-11-11 17:42:12 | DEBUG    | VultrDrive.s3_handler | get_bucket_size:182 | Calculando tamaño del bucket 'almacen-de-backups-cuenta-destino'
2025-11-11 17:42:12 | INFO     | VultrDrive.s3_handler | get_bucket_size:193 | Tamaño del bucket 'almacen-de-backups-cuenta-destino': 411212612240 bytes (392162.91 MB)
2025-11-11 17:42:42 | DEBUG    | VultrDrive.s3_handler | get_bucket_size:182 | Calculando tamaño del bucket 'almacen-de-backups-cuenta-destino'
2025-11-11 17:42:42 | INFO     | VultrDrive.s3_handler | get_bucket_size:193 | Tamaño del bucket 'almacen-de-backups-cuenta-destino': 411212612556 bytes (392162.91 MB)
2025-11-11 17:43:12 | DEBUG    | VultrDrive.s3_handler | get_bucket_size:182 | Calculando tamaño del bucket 'almacen-de-backups-cuenta-destino'
2025-11-11 17:43:12 | INFO     | VultrDrive.s3_handler | get_bucket_size:193 | Tamaño del bucket 'almacen-de-backups-cuenta-destino': 411212612872 bytes (392162.91 MB)
2025-11-11 17:43:42 | DEBUG    | VultrDrive.s3_handler | get_bucket_size:182 | Calculando tamaño del bucket 'almacen-de-backups-cuenta-destino'
2025-11-11 17:43:42 | INFO     | VultrDrive.s3_handler | get_bucket_size:193 | Tamaño del bucket 'almacen-de-backups-cuenta-destino': 411212613188 bytes (392162.91 MB)
2025-11-11 17:44:12 | DEBUG    | VultrDrive.s3_handler | get_bucket_size:182 | Calculando tamaño del bucket 'almacen-de-backups-cuenta-destino'
2025-11-11 17:44:12 | INFO     | VultrDrive.s3_handler | get_bucket_size:193 | Tamaño del bucket 'almacen-de-backups-cuenta-destino': 411212613504 bytes (392162.91 MB)
2025-11-11 17:44:42 | DEBUG    | VultrDrive.s3_handler | get_bucket_size:182 | Calculando tamaño del bucket 'almacen-de-backups-cuenta-destino'
2025-11-11 17:44:42 | INFO     | VultrDrive.s3_handler | get_bucket_size:193 | Tamaño del bucket 'almacen-de-backups-cuenta-destino': 411212613820 bytes (392162.91 MB)
2025-11-11 17:45:12 | DEBUG    | VultrDrive.s3_handler | get_bucket_size:182 | Calculando tamaño del bucket 'almacen-de-backups-cuenta-destino'
2025-11-11 17:45:12 | INFO     | VultrDrive.s3_handler | get_bucket_size:193 | Tamaño del bucket 'almacen-de-backups-cuenta-destino': 411212614136 bytes (392162.91 MB)
2025-11-11 17:45:42 | DEBUG    | VultrDrive.s3_handler | get_bucket_size:182 | Calculando tamaño del bucket 'almacen-de-backups-cuenta-destino'
2025-11-11 17:45:42 | INFO     | VultrDrive.s3_handler | get_bucket_size:193 | Tamaño del bucket 'almacen-de-backups-cuenta-destino': 411212614452 bytes (392162.91 MB)
2025-11-11 17:46:12 | DEBUG    | VultrDrive.s3_handler | get_bucket_size:182 | Calculando tamaño del bucket 'almacen-de-backups-cuenta-destino'
2025-11-11 17:46:12 | INFO     | VultrDrive.s3_handler | get_bucket_size:193 | Tamaño del bucket 'almacen-de-backups-cuenta-destino': 411212614768 bytes (392162.91 MB)
2025-11-11 17:46:42 | DEBUG    | VultrDrive.s3_handler | get_bucket_size:182 | Calculando tamaño del bucket 'almacen-de-backups-cuenta-destino'
2025-11-11 17:46:42 | INFO     | VultrDrive.s3_handler | get_bucket_size:193 | Tamaño del bucket 'almacen-de-backups-cuenta-destino': 411212615084 bytes (392162.91 MB)
2025-11-11 17:47:12 | DEBUG    | VultrDrive.s3_handler | get_bucket_size:182 | Calculando tamaño del bucket 'almacen-de-backups-cuenta-destino'
2025-11-11 17:47:12 | INFO     | VultrDrive.s3_handler | get_bucket_size:193 | Tamaño del bucket 'almacen-de-backups-cuenta-destino': 411212615400 bytes (392162.91 MB)
2025-11-11 17:47:42 | DEBUG    | VultrDrive.s3_handler | get_bucket_size:182 | Calculando tamaño del bucket 'almacen-de-backups-cuenta-destino'
2025-11-11 17:47:42 | INFO     | VultrDrive.s3_handler | get_bucket_size:193 | Tamaño del bucket 'almacen-de-backups-cuenta-destino': 411212615716 bytes (392162.91 MB)
2025-11-11 17:48:12 | DEBUG    | VultrDrive.s3_handler | get_bucket_size:182 | Calculando tamaño del bucket 'almacen-de-backups-cuenta-destino'
2025-11-11 17:48:12 | INFO     | VultrDrive.s3_handler | get_bucket_size:193 | Tamaño del bucket 'almacen-de-backups-cuenta-destino': 411212616032 bytes (392162.91 MB)
2025-11-11 17:48:42 | DEBUG    | VultrDrive.s3_handler | get_bucket_size:182 | Calculando tamaño del bucket 'almacen-de-backups-cuenta-destino'
2025-11-11 17:48:42 | INFO     | VultrDrive.s3_handler | get_bucket_size:193 | Tamaño del bucket 'almacen-de-backups-cuenta-destino': 411212616348 bytes (392162.91 MB)
2025-11-11 17:49:12 | DEBUG    | VultrDrive.s3_handler | get_bucket_size:182 | Calculando tamaño del bucket 'almacen-de-backups-cuenta-destino'
2025-11-11 17:49:12 | INFO     | VultrDrive.s3_handler | get_bucket_size:193 | Tamaño del bucket 'almacen-de-backups-cuenta-destino': 411212616664 bytes (392162.91 MB)
2025-11-11 17:49:42 | DEBUG    | VultrDrive.s3_handler | get_bucket_size:182 | Calculando tamaño del bucket 'almacen-de-backups-cuenta-destino'
2025-11-11 17:49:42 | INFO     | VultrDrive.s3_handler | get_bucket_size:193 | Tamaño del bucket 'almacen-de-backups-cuenta-destino': 411212616980 bytes (392162.91 MB)
2025-11-11 17:50:12 | DEBUG    | VultrDrive.s3_handler | get_bucket_size:182 | Calculando tamaño del bucket 'almacen-de-backups-cuenta-destino'
2025-11-11 17:50:12 | INFO     | VultrDrive.s3_handler | get_bucket_size:193 | Tamaño del bucket 'almacen-de-backups-cuenta-destino': 411212617296 bytes (392162.91 MB)
2025-11-11 17:50:42 | DEBUG    | VultrDrive.s3_handler | get_bucket_size:182 | Calculando tamaño del bucket 'almacen-de-backups-cuenta-destino'
2025-11-11 17:50:42 | INFO     | VultrDrive.s3_handler | get_bucket_size:193 | Tamaño del bucket 'almacen-de-backups-cuenta-destino': 411212617612 bytes (392162.91 MB)
2025-11-11 17:51:12 | DEBUG    | VultrDrive.s3_handler | get_bucket_size:182 | Calculando tamaño del bucket 'almacen-de-backups-cuenta-destino'
2025-11-11 17:51:12 | INFO     | VultrDrive.s3_handler | get_bucket_size:193 | Tamaño del bucket 'almacen-de-backups-cuenta-destino': 411212617928 bytes (392162.91 MB)
2025-11-11 17:51:42 | DEBUG    | VultrDrive.s3_handler | get_bucket_size:182 | Calculando tamaño del bucket 'almacen-de-backups-cuenta-destino'
2025-11-11 17:51:42 | INFO     | VultrDrive.s3_handler | get_bucket_size:193 | Tamaño del bucket 'almacen-de-backups-cuenta-destino': 411212618244 bytes (392162.91 MB)
2025-11-11 17:52:12 | DEBUG    | VultrDrive.s3_handler | get_bucket_size:182 | Calculando tamaño del bucket 'almacen-de-backups-cuenta-destino'
2025-11-11 17:52:12 | INFO     | VultrDrive.s3_handler | get_bucket_size:193 | Tamaño del bucket 'almacen-de-backups-cuenta-destino': 411212618560 bytes (392162.91 MB)
2025-11-11 17:52:42 | DEBUG    | VultrDrive.s3_handler | get_bucket_size:182 | Calculando tamaño del bucket 'almacen-de-backups-cuenta-destino'
2025-11-11 17:52:42 | INFO     | VultrDrive.s3_handler | get_bucket_size:193 | Tamaño del bucket 'almacen-de-backups-cuenta-destino': 411212618876 bytes (392162.91 MB)
2025-11-11 17:53:12 | DEBUG    | VultrDrive.s3_handler | get_bucket_size:182 | Calculando tamaño del bucket 'almacen-de-backups-cuenta-destino'
2025-11-11 17:53:12 | INFO     | VultrDrive.s3_handler | get_bucket_size:193 | Tamaño del bucket 'almacen-de-backups-cuenta-destino': 411212619192 bytes (392162.91 MB)
2025-11-11 17:53:42 | DEBUG    | VultrDrive.s3_handler | get_bucket_size:182 | Calculando tamaño del bucket 'almacen-de-backups-cuenta-destino'
2025-11-11 17:53:42 | INFO     | VultrDrive.s3_handler | get_bucket_size:193 | Tamaño del bucket 'almacen-de-backups-cuenta-destino': 411212619508 bytes (392162.91 MB)
2025-11-11 17:54:12 | DEBUG    | VultrDrive.s3_handler | get_bucket_size:182 | Calculando tamaño del bucket 'almacen-de-backups-cuenta-destino'
2025-11-11 17:54:12 | INFO     | VultrDrive.s3_handler | get_bucket_size:193 | Tamaño del bucket 'almacen-de-backups-cuenta-destino': 411212619824 bytes (392162.91 MB)
2025-11-11 17:54:42 | DEBUG    | VultrDrive.s3_handler | get_bucket_size:182 | Calculando tamaño del bucket 'almacen-de-backups-cuenta-destino'
2025-11-11 17:54:42 | INFO     | VultrDrive.s3_handler | get_bucket_size:193 | Tamaño del bucket 'almacen-de-backups-cuenta-destino': 411212620140 bytes (392162.91 MB)
2025-11-11 17:55:12 | DEBUG    | VultrDrive.s3_handler | get_bucket_size:182 | Calculando tamaño del bucket 'almacen-de-backups-cuenta-destino'
2025-11-11 17:55:12 | INFO     | VultrDrive.s3_handler | get_bucket_size:193 | Tamaño del bucket 'almacen-de-backups-cuenta-destino': 411212620456 bytes (392162.91 MB)
2025-11-11 17:55:42 | DEBUG    | VultrDrive.s3_handler | get_bucket_size:182 | Calculando tamaño del bucket 'almacen-de-backups-cuenta-destino'
2025-11-11 17:55:42 | INFO     | VultrDrive.s3_handler | get_bucket_size:193 | Tamaño del bucket 'almacen-de-backups-cuenta-destino': 411212620772 bytes (392162.92 MB)
2025-11-11 17:56:12 | DEBUG    | VultrDrive.s3_handler | get_bucket_size:182 | Calculando tamaño del bucket 'almacen-de-backups-cuenta-destino'
2025-11-11 17:56:12 | INFO     | VultrDrive.s3_handler | get_bucket_size:193 | Tamaño del bucket 'almacen-de-backups-cuenta-destino': 411212621088 bytes (392162.92 MB)
2025-11-11 17:56:42 | DEBUG    | VultrDrive.s3_handler | get_bucket_size:182 | Calculando tamaño del bucket 'almacen-de-backups-cuenta-destino'
2025-11-11 17:56:42 | INFO     | VultrDrive.s3_handler | get_bucket_size:193 | Tamaño del bucket 'almacen-de-backups-cuenta-destino': 411212621404 bytes (392162.92 MB)
2025-11-11 17:57:12 | DEBUG    | VultrDrive.s3_handler | get_bucket_size:182 | Calculando tamaño del bucket 'almacen-de-backups-cuenta-destino'
2025-11-11 17:57:12 | INFO     | VultrDrive.s3_handler | get_bucket_size:193 | Tamaño del bucket 'almacen-de-backups-cuenta-destino': 411212621720 bytes (392162.92 MB)
2025-11-11 17:57:42 | DEBUG    | VultrDrive.s3_handler | get_bucket_size:182 | Calculando tamaño del bucket 'almacen-de-backups-cuenta-destino'
2025-11-11 17:57:42 | INFO     | VultrDrive.s3_handler | get_bucket_size:193 | Tamaño del bucket 'almacen-de-backups-cuenta-destino': 411212622036 bytes (392162.92 MB)
2025-11-11 17:58:12 | DEBUG    | VultrDrive.s3_handler | get_bucket_size:182 | Calculando tamaño del bucket 'almacen-de-backups-cuenta-destino'
2025-11-11 17:58:12 | INFO     | VultrDrive.s3_handler | get_bucket_size:193 | Tamaño del bucket 'almacen-de-backups-cuenta-destino': 411212622036 bytes (392162.92 MB)
2025-11-11 17:58:42 | DEBUG    | VultrDrive.s3_handler | get_bucket_size:182 | Calculando tamaño del bucket 'almacen-de-backups-cuenta-destino'
2025-11-11 17:58:42 | INFO     | VultrDrive.s3_handler | get_bucket_size:193 | Tamaño del bucket 'almacen-de-backups-cuenta-destino': 411212622036 bytes (392162.92 MB)
2025-11-11 17:59:12 | DEBUG    | VultrDrive.s3_handler | get_bucket_size:182 | Calculando tamaño del bucket 'almacen-de-backups-cuenta-destino'
2025-11-11 17:59:12 | INFO     | VultrDrive.s3_handler | get_bucket_size:193 | Tamaño del bucket 'almacen-de-backups-cuenta-destino': 411212622036 bytes (392162.92 MB)
2025-11-11 17:59:42 | DEBUG    | VultrDrive.s3_handler | get_bucket_size:182 | Calculando tamaño del bucket 'almacen-de-backups-cuenta-destino'
2025-11-11 17:59:42 | INFO     | VultrDrive.s3_handler | get_bucket_size:193 | Tamaño del bucket 'almacen-de-backups-cuenta-destino': 411212622036 bytes (392162.92 MB)
2025-11-11 18:00:12 | DEBUG    | VultrDrive.s3_handler | get_bucket_size:182 | Calculando tamaño del bucket 'almacen-de-backups-cuenta-destino'
2025-11-11 18:00:12 | INFO     | VultrDrive.s3_handler | get_bucket_size:193 | Tamaño del bucket 'almacen-de-backups-cuenta-destino': 411212622036 bytes (392162.92 MB)
2025-11-11 18:00:42 | DEBUG    | VultrDrive.s3_handler | get_bucket_size:182 | Calculando tamaño del bucket 'almacen-de-backups-cuenta-destino'
2025-11-11 18:00:42 | INFO     | VultrDrive.s3_handler | get_bucket_size:193 | Tamaño del bucket 'almacen-de-backups-cuenta-destino': 411212622254 bytes (392162.92 MB)
2025-11-11 18:01:12 | DEBUG    | VultrDrive.s3_handler | get_bucket_size:182 | Calculando tamaño del bucket 'almacen-de-backups-cuenta-destino'
2025-11-11 18:01:13 | INFO     | VultrDrive.s3_handler | get_bucket_size:193 | Tamaño del bucket 'almacen-de-backups-cuenta-destino': 411212622254 bytes (392162.92 MB)
2025-11-11 18:01:42 | DEBUG    | VultrDrive.s3_handler | get_bucket_size:182 | Calculando tamaño del bucket 'almacen-de-backups-cuenta-destino'
2025-11-11 18:01:42 | INFO     | VultrDrive.s3_handler | get_bucket_size:193 | Tamaño del bucket 'almacen-de-backups-cuenta-destino': 411212630692 bytes (392162.92 MB)
2025-11-11 18:02:12 | DEBUG    | VultrDrive.s3_handler | get_bucket_size:182 | Calculando tamaño del bucket 'almacen-de-backups-cuenta-destino'
2025-11-11 18:02:12 | INFO     | VultrDrive.s3_handler | get_bucket_size:193 | Tamaño del bucket 'almacen-de-backups-cuenta-destino': 411212631254 bytes (392162.93 MB)
2025-11-11 18:02:42 | DEBUG    | VultrDrive.s3_handler | get_bucket_size:182 | Calculando tamaño del bucket 'almacen-de-backups-cuenta-destino'
2025-11-11 18:02:42 | INFO     | VultrDrive.s3_handler | get_bucket_size:193 | Tamaño del bucket 'almacen-de-backups-cuenta-destino': 411212631254 bytes (392162.93 MB)
2025-11-11 18:03:12 | DEBUG    | VultrDrive.s3_handler | get_bucket_size:182 | Calculando tamaño del bucket 'almacen-de-backups-cuenta-destino'
2025-11-11 18:03:12 | INFO     | VultrDrive.s3_handler | get_bucket_size:193 | Tamaño del bucket 'almacen-de-backups-cuenta-destino': 411212631254 bytes (392162.93 MB)
2025-11-11 18:03:42 | DEBUG    | VultrDrive.s3_handler | get_bucket_size:182 | Calculando tamaño del bucket 'almacen-de-backups-cuenta-destino'
2025-11-11 18:03:42 | INFO     | VultrDrive.s3_handler | get_bucket_size:193 | Tamaño del bucket 'almacen-de-backups-cuenta-destino': 411212631254 bytes (392162.93 MB)
2025-11-11 18:04:12 | DEBUG    | VultrDrive.s3_handler | get_bucket_size:182 | Calculando tamaño del bucket 'almacen-de-backups-cuenta-destino'
2025-11-11 18:04:12 | INFO     | VultrDrive.s3_handler | get_bucket_size:193 | Tamaño del bucket 'almacen-de-backups-cuenta-destino': 411212631254 bytes (392162.93 MB)
2025-11-11 18:04:42 | DEBUG    | VultrDrive.s3_handler | get_bucket_size:182 | Calculando tamaño del bucket 'almacen-de-backups-cuenta-destino'
2025-11-11 18:04:42 | INFO     | VultrDrive.s3_handler | get_bucket_size:193 | Tamaño del bucket 'almacen-de-backups-cuenta-destino': 411212631254 bytes (392162.93 MB)
2025-11-11 18:05:12 | DEBUG    | VultrDrive.s3_handler | get_bucket_size:182 | Calculando tamaño del bucket 'almacen-de-backups-cuenta-destino'
2025-11-11 18:05:12 | INFO     | VultrDrive.s3_handler | get_bucket_size:193 | Tamaño del bucket 'almacen-de-backups-cuenta-destino': 411212631254 bytes (392162.93 MB)
2025-11-11 18:05:42 | DEBUG    | VultrDrive.s3_handler | get_bucket_size:182 | Calculando tamaño del bucket 'almacen-de-backups-cuenta-destino'
2025-11-11 18:05:42 | INFO     | VultrDrive.s3_handler | get_bucket_size:193 | Tamaño del bucket 'almacen-de-backups-cuenta-destino': 411212631254 bytes (392162.93 MB)
2025-11-11 18:06:12 | DEBUG    | VultrDrive.s3_handler | get_bucket_size:182 | Calculando tamaño del bucket 'almacen-de-backups-cuenta-destino'
2025-11-11 18:06:12 | INFO     | VultrDrive.s3_handler | get_bucket_size:193 | Tamaño del bucket 'almacen-de-backups-cuenta-destino': 411212631254 bytes (392162.93 MB)
2025-11-11 18:06:42 | DEBUG    | VultrDrive.s3_handler | get_bucket_size:182 | Calculando tamaño del bucket 'almacen-de-backups-cuenta-destino'
2025-11-11 18:06:42 | INFO     | VultrDrive.s3_handler | get_bucket_size:193 | Tamaño del bucket 'almacen-de-backups-cuenta-destino': 411212631254 bytes (392162.93 MB)
2025-11-11 18:07:12 | DEBUG    | VultrDrive.s3_handler | get_bucket_size:182 | Calculando tamaño del bucket 'almacen-de-backups-cuenta-destino'
2025-11-11 18:07:12 | INFO     | VultrDrive.s3_handler | get_bucket_size:193 | Tamaño del bucket 'almacen-de-backups-cuenta-destino': 411212631254 bytes (392162.93 MB)
2025-11-11 18:07:42 | DEBUG    | VultrDrive.s3_handler | get_bucket_size:182 | Calculando tamaño del bucket 'almacen-de-backups-cuenta-destino'
2025-11-11 18:07:42 | INFO     | VultrDrive.s3_handler | get_bucket_size:193 | Tamaño del bucket 'almacen-de-backups-cuenta-destino': 411212631254 bytes (392162.93 MB)
2025-11-11 18:08:12 | DEBUG    | VultrDrive.s3_handler | get_bucket_size:182 | Calculando tamaño del bucket 'almacen-de-backups-cuenta-destino'
2025-11-11 18:08:12 | INFO     | VultrDrive.s3_handler | get_bucket_size:193 | Tamaño del bucket 'almacen-de-backups-cuenta-destino': 411212631254 bytes (392162.93 MB)
2025-11-11 18:08:42 | DEBUG    | VultrDrive.s3_handler | get_bucket_size:182 | Calculando tamaño del bucket 'almacen-de-backups-cuenta-destino'
2025-11-11 18:08:42 | INFO     | VultrDrive.s3_handler | get_bucket_size:193 | Tamaño del bucket 'almacen-de-backups-cuenta-destino': 411212631254 bytes (392162.93 MB)
2025-11-11 18:09:12 | DEBUG    | VultrDrive.s3_handler | get_bucket_size:182 | Calculando tamaño del bucket 'almacen-de-backups-cuenta-destino'
2025-11-11 18:09:12 | INFO     | VultrDrive.s3_handler | get_bucket_size:193 | Tamaño del bucket 'almacen-de-backups-cuenta-destino': 411212631254 bytes (392162.93 MB)
2025-11-11 18:10:47 | INFO     | VultrDrive | __init__:78 | Logger inicializado. Logs en: C:\Users\Administrator\Desktop\VultrDriveDesktop\logs
2025-11-11 18:10:54 | DEBUG    | VultrDrive | main:283 | WinFsp ya está instalado
2025-11-11 18:10:58 | DEBUG    | VultrDrive.s3_handler | __init__:54 | S3Handler inicializado para lax1.vultrobjects.com
2025-11-11 18:10:58 | INFO     | VultrDrive.ui.main_window | load_profile:1119 | Perfil 'almacen-de-backups-cuenta-destino' cargado exitosamente
2025-11-11 18:10:58 | DEBUG    | VultrDrive.s3_handler | list_buckets:75 | Intentando listar buckets desde lax1.vultrobjects.com
2025-11-11 18:11:00 | INFO     | VultrDrive.s3_handler | list_buckets:81 | Encontrados 2 buckets: ['almacen-de-backups-cuenta-destino', 'civer-backups']
2025-11-11 18:11:00 | INFO     | VultrDrive.ui.main_window | refresh_buckets:1073 | Buckets cargados exitosamente: 2
2025-11-11 18:11:02 | DEBUG    | VultrDrive.s3_handler | get_bucket_size:182 | Calculando tamaño del bucket 'almacen-de-backups-cuenta-destino'
2025-11-11 18:11:04 | INFO     | VultrDrive.s3_handler | get_bucket_size:193 | Tamaño del bucket 'almacen-de-backups-cuenta-destino': 411212631254 bytes (392162.93 MB)
2025-11-11 18:11:05 | DEBUG    | VultrDrive.s3_handler | list_buckets:75 | Intentando listar buckets desde lax1.vultrobjects.com
2025-11-11 18:11:05 | INFO     | VultrDrive.s3_handler | list_buckets:81 | Encontrados 2 buckets: ['almacen-de-backups-cuenta-destino', 'civer-backups']
2025-11-11 18:11:05 | INFO     | VultrDrive.ui.main_window | refresh_buckets:1073 | Buckets cargados exitosamente: 2
2025-11-11 18:11:05 | INFO     | VultrDrive | main:372 | Aplicación iniciada correctamente
2025-11-11 18:11:30 | DEBUG    | VultrDrive.s3_handler | get_bucket_size:182 | Calculando tamaño del bucket 'almacen-de-backups-cuenta-destino'
2025-11-11 18:11:31 | INFO     | VultrDrive.s3_handler | get_bucket_size:193 | Tamaño del bucket 'almacen-de-backups-cuenta-destino': 411212631254 bytes (392162.93 MB)
2025-11-11 18:11:55 | DEBUG    | VultrDrive.s3_handler | get_bucket_size:182 | Calculando tamaño del bucket 'almacen-de-backups-cuenta-destino'
2025-11-11 18:11:56 | INFO     | VultrDrive.s3_handler | get_bucket_size:193 | Tamaño del bucket 'almacen-de-backups-cuenta-destino': 411212631254 bytes (392162.93 MB)
2025-11-11 18:12:25 | DEBUG    | VultrDrive.s3_handler | get_bucket_size:182 | Calculando tamaño del bucket 'almacen-de-backups-cuenta-destino'
2025-11-11 18:12:26 | INFO     | VultrDrive.s3_handler | get_bucket_size:193 | Tamaño del bucket 'almacen-de-backups-cuenta-destino': 411212631254 bytes (392162.93 MB)
2025-11-11 18:12:55 | DEBUG    | VultrDrive.s3_handler | get_bucket_size:182 | Calculando tamaño del bucket 'almacen-de-backups-cuenta-destino'
2025-11-11 18:12:55 | INFO     | VultrDrive.s3_handler | get_bucket_size:193 | Tamaño del bucket 'almacen-de-backups-cuenta-destino': 411212631254 bytes (392162.93 MB)
2025-11-11 18:13:25 | DEBUG    | VultrDrive.s3_handler | get_bucket_size:182 | Calculando tamaño del bucket 'almacen-de-backups-cuenta-destino'
2025-11-11 18:13:26 | INFO     | VultrDrive.s3_handler | get_bucket_size:193 | Tamaño del bucket 'almacen-de-backups-cuenta-destino': 411212631254 bytes (392162.93 MB)
2025-11-11 18:13:55 | DEBUG    | VultrDrive.s3_handler | get_bucket_size:182 | Calculando tamaño del bucket 'almacen-de-backups-cuenta-destino'
2025-11-11 18:13:56 | INFO     | VultrDrive.s3_handler | get_bucket_size:193 | Tamaño del bucket 'almacen-de-backups-cuenta-destino': 411212631254 bytes (392162.93 MB)
2025-11-11 18:14:25 | DEBUG    | VultrDrive.s3_handler | get_bucket_size:182 | Calculando tamaño del bucket 'almacen-de-backups-cuenta-destino'
2025-11-11 18:14:26 | INFO     | VultrDrive.s3_handler | get_bucket_size:193 | Tamaño del bucket 'almacen-de-backups-cuenta-destino': 411212631254 bytes (392162.93 MB)
2025-11-11 18:14:55 | DEBUG    | VultrDrive.s3_handler | get_bucket_size:182 | Calculando tamaño del bucket 'almacen-de-backups-cuenta-destino'
2025-11-11 18:14:56 | INFO     | VultrDrive.s3_handler | get_bucket_size:193 | Tamaño del bucket 'almacen-de-backups-cuenta-destino': 411212631254 bytes (392162.93 MB)
2025-11-11 18:15:25 | DEBUG    | VultrDrive.s3_handler | get_bucket_size:182 | Calculando tamaño del bucket 'almacen-de-backups-cuenta-destino'
2025-11-11 18:15:26 | INFO     | VultrDrive.s3_handler | get_bucket_size:193 | Tamaño del bucket 'almacen-de-backups-cuenta-destino': 411212631254 bytes (392162.93 MB)
2025-11-11 18:15:55 | DEBUG    | VultrDrive.s3_handler | get_bucket_size:182 | Calculando tamaño del bucket 'almacen-de-backups-cuenta-destino'
2025-11-11 18:15:56 | INFO     | VultrDrive.s3_handler | get_bucket_size:193 | Tamaño del bucket 'almacen-de-backups-cuenta-destino': 411212631254 bytes (392162.93 MB)
2025-11-11 18:16:25 | DEBUG    | VultrDrive.s3_handler | get_bucket_size:182 | Calculando tamaño del bucket 'almacen-de-backups-cuenta-destino'
2025-11-11 18:16:26 | INFO     | VultrDrive.s3_handler | get_bucket_size:193 | Tamaño del bucket 'almacen-de-backups-cuenta-destino': 411212631254 bytes (392162.93 MB)
2025-11-11 18:16:55 | DEBUG    | VultrDrive.s3_handler | get_bucket_size:182 | Calculando tamaño del bucket 'almacen-de-backups-cuenta-destino'
2025-11-11 18:16:56 | INFO     | VultrDrive.s3_handler | get_bucket_size:193 | Tamaño del bucket 'almacen-de-backups-cuenta-destino': 411212631254 bytes (392162.93 MB)
2025-11-11 18:17:25 | DEBUG    | VultrDrive.s3_handler | get_bucket_size:182 | Calculando tamaño del bucket 'almacen-de-backups-cuenta-destino'
2025-11-11 18:17:26 | INFO     | VultrDrive.s3_handler | get_bucket_size:193 | Tamaño del bucket 'almacen-de-backups-cuenta-destino': 411212631254 bytes (392162.93 MB)
2025-11-11 18:17:55 | DEBUG    | VultrDrive.s3_handler | get_bucket_size:182 | Calculando tamaño del bucket 'almacen-de-backups-cuenta-destino'
2025-11-11 18:17:56 | INFO     | VultrDrive.s3_handler | get_bucket_size:193 | Tamaño del bucket 'almacen-de-backups-cuenta-destino': 411212631254 bytes (392162.93 MB)
2025-11-11 18:18:25 | DEBUG    | VultrDrive.s3_handler | get_bucket_size:182 | Calculando tamaño del bucket 'almacen-de-backups-cuenta-destino'
2025-11-11 18:18:26 | INFO     | VultrDrive.s3_handler | get_bucket_size:193 | Tamaño del bucket 'almacen-de-backups-cuenta-destino': 411212631254 bytes (392162.93 MB)
2025-11-11 18:18:55 | DEBUG    | VultrDrive.s3_handler | get_bucket_size:182 | Calculando tamaño del bucket 'almacen-de-backups-cuenta-destino'
2025-11-11 18:18:56 | INFO     | VultrDrive.s3_handler | get_bucket_size:193 | Tamaño del bucket 'almacen-de-backups-cuenta-destino': 411212631254 bytes (392162.93 MB)
2025-11-11 18:22:35 | INFO     | VultrDrive | __init__:78 | Logger inicializado. Logs en: C:\Users\Administrator\Desktop\VultrDriveDesktop\logs
2025-11-11 18:22:37 | DEBUG    | VultrDrive | main:283 | WinFsp ya está instalado
2025-11-11 18:22:41 | DEBUG    | VultrDrive.s3_handler | __init__:54 | S3Handler inicializado para lax1.vultrobjects.com
2025-11-11 18:22:41 | INFO     | VultrDrive.ui.main_window | load_profile:1124 | Perfil 'almacen-de-backups-cuenta-destino' cargado exitosamente
2025-11-11 18:22:41 | DEBUG    | VultrDrive.s3_handler | list_buckets:75 | Intentando listar buckets desde lax1.vultrobjects.com
2025-11-11 18:22:43 | INFO     | VultrDrive.s3_handler | list_buckets:81 | Encontrados 2 buckets: ['almacen-de-backups-cuenta-destino', 'civer-backups']
2025-11-11 18:22:43 | INFO     | VultrDrive.ui.main_window | refresh_buckets:1078 | Buckets cargados exitosamente: 2
2025-11-11 18:22:43 | DEBUG    | VultrDrive.s3_handler | get_bucket_size:182 | Calculando tamaño del bucket 'almacen-de-backups-cuenta-destino'
2025-11-11 18:22:45 | INFO     | VultrDrive.s3_handler | get_bucket_size:193 | Tamaño del bucket 'almacen-de-backups-cuenta-destino': 411212631254 bytes (392162.93 MB)
2025-11-11 18:22:45 | DEBUG    | VultrDrive.s3_handler | list_buckets:75 | Intentando listar buckets desde lax1.vultrobjects.com
2025-11-11 18:22:45 | INFO     | VultrDrive.s3_handler | list_buckets:81 | Encontrados 2 buckets: ['almacen-de-backups-cuenta-destino', 'civer-backups']
2025-11-11 18:22:45 | INFO     | VultrDrive.ui.main_window | refresh_buckets:1078 | Buckets cargados exitosamente: 2
2025-11-11 18:22:45 | INFO     | VultrDrive | main:372 | Aplicación iniciada correctamente
2025-11-11 18:23:08 | DEBUG    | VultrDrive.s3_handler | get_bucket_size:182 | Calculando tamaño del bucket 'almacen-de-backups-cuenta-destino'
2025-11-11 18:23:08 | INFO     | VultrDrive.s3_handler | get_bucket_size:193 | Tamaño del bucket 'almacen-de-backups-cuenta-destino': 411212631254 bytes (392162.93 MB)
2025-11-11 18:23:38 | DEBUG    | VultrDrive.s3_handler | get_bucket_size:182 | Calculando tamaño del bucket 'almacen-de-backups-cuenta-destino'
2025-11-11 18:23:38 | INFO     | VultrDrive.s3_handler | get_bucket_size:193 | Tamaño del bucket 'almacen-de-backups-cuenta-destino': 411212631254 bytes (392162.93 MB)
2025-11-11 18:24:08 | DEBUG    | VultrDrive.s3_handler | get_bucket_size:182 | Calculando tamaño del bucket 'almacen-de-backups-cuenta-destino'
2025-11-11 18:24:08 | INFO     | VultrDrive.s3_handler | get_bucket_size:193 | Tamaño del bucket 'almacen-de-backups-cuenta-destino': 411212631254 bytes (392162.93 MB)
2025-11-11 18:24:38 | DEBUG    | VultrDrive.s3_handler | get_bucket_size:182 | Calculando tamaño del bucket 'almacen-de-backups-cuenta-destino'
2025-11-11 18:24:38 | INFO     | VultrDrive.s3_handler | get_bucket_size:193 | Tamaño del bucket 'almacen-de-backups-cuenta-destino': 411212631254 bytes (392162.93 MB)
2025-11-11 18:25:08 | DEBUG    | VultrDrive.s3_handler | get_bucket_size:182 | Calculando tamaño del bucket 'almacen-de-backups-cuenta-destino'
2025-11-11 18:25:08 | INFO     | VultrDrive.s3_handler | get_bucket_size:193 | Tamaño del bucket 'almacen-de-backups-cuenta-destino': 411212631254 bytes (392162.93 MB)
2025-11-11 18:25:38 | DEBUG    | VultrDrive.s3_handler | get_bucket_size:182 | Calculando tamaño del bucket 'almacen-de-backups-cuenta-destino'
2025-11-11 18:25:38 | INFO     | VultrDrive.s3_handler | get_bucket_size:193 | Tamaño del bucket 'almacen-de-backups-cuenta-destino': 411212631254 bytes (392162.93 MB)
2025-11-11 18:50:04 | INFO     | VultrDrive | __init__:78 | Logger inicializado. Logs en: C:\Users\Administrator\Desktop\VultrDriveDesktop\logs
2025-11-11 18:50:09 | DEBUG    | VultrDrive | main:283 | WinFsp ya está instalado
2025-11-11 18:50:12 | DEBUG    | VultrDrive.s3_handler | __init__:54 | S3Handler inicializado para lax1.vultrobjects.com
2025-11-11 18:50:12 | INFO     | VultrDrive.ui.main_window | load_profile:1128 | Perfil 'almacen-de-backups-cuenta-destino' cargado exitosamente
2025-11-11 18:50:12 | DEBUG    | VultrDrive.s3_handler | list_buckets:75 | Intentando listar buckets desde lax1.vultrobjects.com
2025-11-11 18:50:14 | INFO     | VultrDrive.s3_handler | list_buckets:81 | Encontrados 2 buckets: ['almacen-de-backups-cuenta-destino', 'civer-backups']
2025-11-11 18:50:14 | INFO     | VultrDrive.ui.main_window | refresh_buckets:1082 | Buckets cargados exitosamente: 2
2025-11-11 18:50:14 | DEBUG    | VultrDrive.s3_handler | get_bucket_size:182 | Calculando tamaño del bucket 'almacen-de-backups-cuenta-destino'
2025-11-11 18:50:16 | INFO     | VultrDrive.s3_handler | get_bucket_size:193 | Tamaño del bucket 'almacen-de-backups-cuenta-destino': 411212631254 bytes (392162.93 MB)
2025-11-11 18:50:16 | DEBUG    | VultrDrive.s3_handler | list_buckets:75 | Intentando listar buckets desde lax1.vultrobjects.com
2025-11-11 18:50:17 | INFO     | VultrDrive.s3_handler | list_buckets:81 | Encontrados 2 buckets: ['almacen-de-backups-cuenta-destino', 'civer-backups']
2025-11-11 18:50:17 | INFO     | VultrDrive.ui.main_window | refresh_buckets:1082 | Buckets cargados exitosamente: 2
2025-11-11 18:50:17 | INFO     | VultrDrive | main:372 | Aplicación iniciada correctamente
2025-11-11 18:54:17 | INFO     | VultrDrive | __init__:78 | Logger inicializado. Logs en: C:\Users\Administrator\Desktop\VultrDriveDesktop\logs
2025-11-11 18:54:20 | DEBUG    | VultrDrive | main:283 | WinFsp ya está instalado
2025-11-11 18:54:26 | DEBUG    | VultrDrive.s3_handler | __init__:54 | S3Handler inicializado para lax1.vultrobjects.com
2025-11-11 18:54:26 | INFO     | VultrDrive.ui.main_window | load_profile:1128 | Perfil 'almacen-de-backups-cuenta-destino' cargado exitosamente
2025-11-11 18:54:26 | DEBUG    | VultrDrive.s3_handler | list_buckets:75 | Intentando listar buckets desde lax1.vultrobjects.com
2025-11-11 18:54:26 | INFO     | VultrDrive.s3_handler | list_buckets:81 | Encontrados 2 buckets: ['almacen-de-backups-cuenta-destino', 'civer-backups']
2025-11-11 18:54:26 | INFO     | VultrDrive.ui.main_window | refresh_buckets:1082 | Buckets cargados exitosamente: 2
2025-11-11 18:54:26 | DEBUG    | VultrDrive.s3_handler | get_bucket_size:182 | Calculando tamaño del bucket 'almacen-de-backups-cuenta-destino'
2025-11-11 18:54:27 | INFO     | VultrDrive.s3_handler | get_bucket_size:193 | Tamaño del bucket 'almacen-de-backups-cuenta-destino': 411212631254 bytes (392162.93 MB)
2025-11-11 18:54:28 | DEBUG    | VultrDrive.s3_handler | list_buckets:75 | Intentando listar buckets desde lax1.vultrobjects.com
2025-11-11 18:54:28 | INFO     | VultrDrive.s3_handler | list_buckets:81 | Encontrados 2 buckets: ['almacen-de-backups-cuenta-destino', 'civer-backups']
2025-11-11 18:54:28 | INFO     | VultrDrive.ui.main_window | refresh_buckets:1082 | Buckets cargados exitosamente: 2
2025-11-11 18:54:28 | INFO     | VultrDrive | main:372 | Aplicación iniciada correctamente
2025-11-11 18:54:51 | DEBUG    | VultrDrive.s3_handler | get_bucket_size:182 | Calculando tamaño del bucket 'almacen-de-backups-cuenta-destino'
2025-11-11 18:54:51 | INFO     | VultrDrive.s3_handler | get_bucket_size:193 | Tamaño del bucket 'almacen-de-backups-cuenta-destino': 411212631254 bytes (392162.93 MB)
2025-11-11 18:55:21 | DEBUG    | VultrDrive.s3_handler | get_bucket_size:182 | Calculando tamaño del bucket 'almacen-de-backups-cuenta-destino'
2025-11-11 18:55:21 | INFO     | VultrDrive.s3_handler | get_bucket_size:193 | Tamaño del bucket 'almacen-de-backups-cuenta-destino': 411212631254 bytes (392162.93 MB)
2025-11-11 18:55:51 | DEBUG    | VultrDrive.s3_handler | get_bucket_size:182 | Calculando tamaño del bucket 'almacen-de-backups-cuenta-destino'
2025-11-11 18:55:51 | INFO     | VultrDrive.s3_handler | get_bucket_size:193 | Tamaño del bucket 'almacen-de-backups-cuenta-destino': 411212631254 bytes (392162.93 MB)
2025-11-11 18:57:09 | INFO     | VultrDrive | __init__:78 | Logger inicializado. Logs en: C:\Users\Administrator\Desktop\VultrDriveDesktop\logs
2025-11-11 18:57:12 | DEBUG    | VultrDrive | main:283 | WinFsp ya está instalado
2025-11-11 18:57:14 | DEBUG    | VultrDrive.s3_handler | __init__:54 | S3Handler inicializado para lax1.vultrobjects.com
2025-11-11 18:57:14 | INFO     | VultrDrive.ui.main_window | load_profile:1128 | Perfil 'almacen-de-backups-cuenta-destino' cargado exitosamente
2025-11-11 18:57:14 | DEBUG    | VultrDrive.s3_handler | list_buckets:75 | Intentando listar buckets desde lax1.vultrobjects.com
2025-11-11 18:57:15 | INFO     | VultrDrive.s3_handler | list_buckets:81 | Encontrados 2 buckets: ['almacen-de-backups-cuenta-destino', 'civer-backups']
2025-11-11 18:57:15 | INFO     | VultrDrive.ui.main_window | refresh_buckets:1082 | Buckets cargados exitosamente: 2
2025-11-11 18:57:15 | DEBUG    | VultrDrive.s3_handler | get_bucket_size:182 | Calculando tamaño del bucket 'almacen-de-backups-cuenta-destino'
2025-11-11 18:57:16 | INFO     | VultrDrive.s3_handler | get_bucket_size:193 | Tamaño del bucket 'almacen-de-backups-cuenta-destino': 411212631254 bytes (392162.93 MB)
2025-11-11 18:57:21 | DEBUG    | VultrDrive.s3_handler | list_buckets:75 | Intentando listar buckets desde lax1.vultrobjects.com
2025-11-11 18:57:21 | INFO     | VultrDrive.s3_handler | list_buckets:81 | Encontrados 2 buckets: ['almacen-de-backups-cuenta-destino', 'civer-backups']
2025-11-11 18:57:21 | INFO     | VultrDrive.ui.main_window | refresh_buckets:1082 | Buckets cargados exitosamente: 2
2025-11-11 18:57:22 | INFO     | VultrDrive | main:372 | Aplicación iniciada correctamente
2025-11-11 18:57:33 | INFO     | VultrDrive | __init__:78 | Logger inicializado. Logs en: C:\Users\Administrator\Desktop\VultrDriveDesktop\logs
2025-11-11 18:57:35 | DEBUG    | VultrDrive | main:283 | WinFsp ya está instalado
2025-11-11 18:57:37 | DEBUG    | VultrDrive.s3_handler | __init__:54 | S3Handler inicializado para lax1.vultrobjects.com
2025-11-11 18:57:37 | INFO     | VultrDrive.ui.main_window | load_profile:1134 | Perfil 'almacen-de-backups-cuenta-destino' cargado exitosamente
2025-11-11 18:57:37 | DEBUG    | VultrDrive.s3_handler | list_buckets:75 | Intentando listar buckets desde lax1.vultrobjects.com
2025-11-11 18:57:38 | INFO     | VultrDrive.s3_handler | list_buckets:81 | Encontrados 2 buckets: ['almacen-de-backups-cuenta-destino', 'civer-backups']
2025-11-11 18:57:38 | INFO     | VultrDrive.ui.main_window | refresh_buckets:1088 | Buckets cargados exitosamente: 2
2025-11-11 18:57:39 | DEBUG    | VultrDrive.s3_handler | get_bucket_size:182 | Calculando tamaño del bucket 'almacen-de-backups-cuenta-destino'
2025-11-11 18:57:40 | INFO     | VultrDrive.s3_handler | get_bucket_size:193 | Tamaño del bucket 'almacen-de-backups-cuenta-destino': 411212631254 bytes (392162.93 MB)
2025-11-11 18:57:40 | DEBUG    | VultrDrive.s3_handler | list_buckets:75 | Intentando listar buckets desde lax1.vultrobjects.com
2025-11-11 18:57:40 | INFO     | VultrDrive.s3_handler | list_buckets:81 | Encontrados 2 buckets: ['almacen-de-backups-cuenta-destino', 'civer-backups']
2025-11-11 18:57:40 | INFO     | VultrDrive.ui.main_window | refresh_buckets:1088 | Buckets cargados exitosamente: 2
2025-11-11 18:57:41 | INFO     | VultrDrive | main:372 | Aplicación iniciada correctamente
2025-11-11 18:58:05 | DEBUG    | VultrDrive.s3_handler | get_bucket_size:182 | Calculando tamaño del bucket 'almacen-de-backups-cuenta-destino'
2025-11-11 18:58:06 | INFO     | VultrDrive.s3_handler | get_bucket_size:193 | Tamaño del bucket 'almacen-de-backups-cuenta-destino': 411212631254 bytes (392162.93 MB)
2025-11-11 18:58:35 | DEBUG    | VultrDrive.s3_handler | get_bucket_size:182 | Calculando tamaño del bucket 'almacen-de-backups-cuenta-destino'
2025-11-11 18:58:36 | INFO     | VultrDrive.s3_handler | get_bucket_size:193 | Tamaño del bucket 'almacen-de-backups-cuenta-destino': 411212631254 bytes (392162.93 MB)
2025-11-11 18:59:05 | DEBUG    | VultrDrive.s3_handler | get_bucket_size:182 | Calculando tamaño del bucket 'almacen-de-backups-cuenta-destino'
2025-11-11 18:59:06 | INFO     | VultrDrive.s3_handler | get_bucket_size:193 | Tamaño del bucket 'almacen-de-backups-cuenta-destino': 411212631254 bytes (392162.93 MB)
2025-11-11 18:59:36 | DEBUG    | VultrDrive.s3_handler | get_bucket_size:182 | Calculando tamaño del bucket 'almacen-de-backups-cuenta-destino'
2025-11-11 18:59:36 | INFO     | VultrDrive.s3_handler | get_bucket_size:193 | Tamaño del bucket 'almacen-de-backups-cuenta-destino': 411212631254 bytes (392162.93 MB)
2025-11-11 19:00:05 | DEBUG    | VultrDrive.s3_handler | get_bucket_size:182 | Calculando tamaño del bucket 'almacen-de-backups-cuenta-destino'
2025-11-11 19:00:06 | INFO     | VultrDrive.s3_handler | get_bucket_size:193 | Tamaño del bucket 'almacen-de-backups-cuenta-destino': 411212631254 bytes (392162.93 MB)
2025-11-11 19:00:35 | DEBUG    | VultrDrive.s3_handler | get_bucket_size:182 | Calculando tamaño del bucket 'almacen-de-backups-cuenta-destino'
2025-11-11 19:00:36 | INFO     | VultrDrive.s3_handler | get_bucket_size:193 | Tamaño del bucket 'almacen-de-backups-cuenta-destino': 411212631254 bytes (392162.93 MB)
2025-11-11 19:01:05 | DEBUG    | VultrDrive.s3_handler | get_bucket_size:182 | Calculando tamaño del bucket 'almacen-de-backups-cuenta-destino'
2025-11-11 19:01:06 | INFO     | VultrDrive.s3_handler | get_bucket_size:193 | Tamaño del bucket 'almacen-de-backups-cuenta-destino': 411212631254 bytes (392162.93 MB)
2025-11-11 19:01:35 | DEBUG    | VultrDrive.s3_handler | get_bucket_size:182 | Calculando tamaño del bucket 'almacen-de-backups-cuenta-destino'
2025-11-11 19:01:36 | INFO     | VultrDrive.s3_handler | get_bucket_size:193 | Tamaño del bucket 'almacen-de-backups-cuenta-destino': 411212631254 bytes (392162.93 MB)
2025-11-11 19:02:05 | DEBUG    | VultrDrive.s3_handler | get_bucket_size:182 | Calculando tamaño del bucket 'almacen-de-backups-cuenta-destino'
2025-11-11 19:02:06 | INFO     | VultrDrive.s3_handler | get_bucket_size:193 | Tamaño del bucket 'almacen-de-backups-cuenta-destino': 411212631254 bytes (392162.93 MB)
2025-11-11 19:02:35 | DEBUG    | VultrDrive.s3_handler | get_bucket_size:182 | Calculando tamaño del bucket 'almacen-de-backups-cuenta-destino'
2025-11-11 19:02:36 | INFO     | VultrDrive.s3_handler | get_bucket_size:193 | Tamaño del bucket 'almacen-de-backups-cuenta-destino': 411212631254 bytes (392162.93 MB)
2025-11-11 19:03:05 | DEBUG    | VultrDrive.s3_handler | get_bucket_size:182 | Calculando tamaño del bucket 'almacen-de-backups-cuenta-destino'
2025-11-11 19:03:06 | INFO     | VultrDrive.s3_handler | get_bucket_size:193 | Tamaño del bucket 'almacen-de-backups-cuenta-destino': 411212631254 bytes (392162.93 MB)
2025-11-11 19:03:35 | DEBUG    | VultrDrive.s3_handler | get_bucket_size:182 | Calculando tamaño del bucket 'almacen-de-backups-cuenta-destino'
2025-11-11 19:03:36 | INFO     | VultrDrive.s3_handler | get_bucket_size:193 | Tamaño del bucket 'almacen-de-backups-cuenta-destino': 411212631254 bytes (392162.93 MB)
2025-11-11 19:04:05 | DEBUG    | VultrDrive.s3_handler | get_bucket_size:182 | Calculando tamaño del bucket 'almacen-de-backups-cuenta-destino'
2025-11-11 19:04:06 | INFO     | VultrDrive.s3_handler | get_bucket_size:193 | Tamaño del bucket 'almacen-de-backups-cuenta-destino': 411212631254 bytes (392162.93 MB)
2025-11-11 19:04:35 | DEBUG    | VultrDrive.s3_handler | get_bucket_size:182 | Calculando tamaño del bucket 'almacen-de-backups-cuenta-destino'
2025-11-11 19:04:36 | INFO     | VultrDrive.s3_handler | get_bucket_size:193 | Tamaño del bucket 'almacen-de-backups-cuenta-destino': 411212631254 bytes (392162.93 MB)
2025-11-11 19:05:05 | DEBUG    | VultrDrive.s3_handler | get_bucket_size:182 | Calculando tamaño del bucket 'almacen-de-backups-cuenta-destino'
2025-11-11 19:05:06 | INFO     | VultrDrive.s3_handler | get_bucket_size:193 | Tamaño del bucket 'almacen-de-backups-cuenta-destino': 411212631254 bytes (392162.93 MB)
2025-11-11 19:05:35 | DEBUG    | VultrDrive.s3_handler | get_bucket_size:182 | Calculando tamaño del bucket 'almacen-de-backups-cuenta-destino'
2025-11-11 19:05:36 | INFO     | VultrDrive.s3_handler | get_bucket_size:193 | Tamaño del bucket 'almacen-de-backups-cuenta-destino': 411212631254 bytes (392162.93 MB)
2025-11-11 19:06:05 | DEBUG    | VultrDrive.s3_handler | get_bucket_size:182 | Calculando tamaño del bucket 'almacen-de-backups-cuenta-destino'
2025-11-11 19:06:06 | INFO     | VultrDrive.s3_handler | get_bucket_size:193 | Tamaño del bucket 'almacen-de-backups-cuenta-destino': 411212631254 bytes (392162.93 MB)
2025-11-11 19:06:35 | DEBUG    | VultrDrive.s3_handler | get_bucket_size:182 | Calculando tamaño del bucket 'almacen-de-backups-cuenta-destino'
2025-11-11 19:06:36 | INFO     | VultrDrive.s3_handler | get_bucket_size:193 | Tamaño del bucket 'almacen-de-backups-cuenta-destino': 411212631254 bytes (392162.93 MB)
2025-11-11 19:07:05 | DEBUG    | VultrDrive.s3_handler | get_bucket_size:182 | Calculando tamaño del bucket 'almacen-de-backups-cuenta-destino'
2025-11-11 19:07:06 | INFO     | VultrDrive.s3_handler | get_bucket_size:193 | Tamaño del bucket 'almacen-de-backups-cuenta-destino': 411212631254 bytes (392162.93 MB)
2025-11-11 19:07:35 | DEBUG    | VultrDrive.s3_handler | get_bucket_size:182 | Calculando tamaño del bucket 'almacen-de-backups-cuenta-destino'
2025-11-11 19:07:36 | INFO     | VultrDrive.s3_handler | get_bucket_size:193 | Tamaño del bucket 'almacen-de-backups-cuenta-destino': 411212631254 bytes (392162.93 MB)
2025-11-12 23:47:38 | INFO     | VultrDrive | __init__:78 | Logger inicializado. Logs en: c:\Users\Administrator\Desktop\VultrDriveDesktop\logs
2025-11-12 23:47:40 | DEBUG    | VultrDrive | main:283 | WinFsp ya está instalado
2025-11-12 23:47:41 | DEBUG    | VultrDrive.s3_handler | __init__:54 | S3Handler inicializado para lax1.vultrobjects.com
2025-11-12 23:47:41 | INFO     | VultrDrive.ui.main_window | load_profile:1186 | Perfil 'almacen-de-backups-cuenta-destino' cargado exitosamente
2025-11-12 23:47:41 | DEBUG    | VultrDrive.core.task_runner | run:144 | Ejecutando tarea 'list_buckets[lax1.vultrobjects.com]'
2025-11-12 23:47:42 | DEBUG    | VultrDrive.s3_handler | list_buckets:75 | Intentando listar buckets desde lax1.vultrobjects.com
2025-11-12 23:47:42 | INFO     | VultrDrive | main:372 | Aplicación iniciada correctamente
2025-11-12 23:47:42 | DEBUG    | VultrDrive.ui.main_window | refresh_buckets:1078 | Se ignoró refresh_buckets porque ya hay una operación en curso.
2025-11-12 23:47:42 | INFO     | VultrDrive.s3_handler | list_buckets:81 | Encontrados 2 buckets: ['almacen-de-backups-cuenta-destino', 'civer-backups']
2025-11-12 23:47:42 | INFO     | VultrDrive.ui.main_window | _handle_bucket_response:1141 | Buckets cargados exitosamente: 2
2025-11-12 23:48:10 | DEBUG    | VultrDrive.s3_handler | get_bucket_size:182 | Calculando tamaño del bucket 'almacen-de-backups-cuenta-destino'
2025-11-12 23:48:11 | INFO     | VultrDrive.s3_handler | get_bucket_size:193 | Tamaño del bucket 'almacen-de-backups-cuenta-destino': 411212631254 bytes (392162.93 MB)
2025-11-12 23:48:40 | DEBUG    | VultrDrive.s3_handler | get_bucket_size:182 | Calculando tamaño del bucket 'almacen-de-backups-cuenta-destino'
2025-11-12 23:48:40 | INFO     | VultrDrive.s3_handler | get_bucket_size:193 | Tamaño del bucket 'almacen-de-backups-cuenta-destino': 411212631254 bytes (392162.93 MB)
2025-11-12 23:48:56 | DEBUG    | VultrDrive.core.task_runner | run:144 | Ejecutando tarea 'mount_drive[V:almacen-de-backups-cuenta-destino]'
2025-11-12 23:48:56 | DEBUG    | VultrDrive.core.task_runner | run:144 | Ejecutando tarea 'mount_drive[V:almacen-de-backups-cuenta-destino]'
2025-11-12 23:49:01 | INFO     | VultrDrive.ui.main_window | on_success:1356 | Montaje completado (mount_drive[V:almacen-de-backups-cuenta-destino]): Error al montar: 2025/11/12 23:48:56 CRITICAL: Fatal error: failed to mount FUSE fs: mountpoint path already exists: V:

2025-11-12 23:49:01 | INFO     | VultrDrive.ui.main_window | on_success:1356 | Montaje completado (mount_drive[V:almacen-de-backups-cuenta-destino]): Error al montar: 2025/11/12 23:48:56 CRITICAL: Fatal error: failed to mount FUSE fs: mountpoint path already exists: V:

2025-11-12 23:49:10 | DEBUG    | VultrDrive.s3_handler | get_bucket_size:182 | Calculando tamaño del bucket 'almacen-de-backups-cuenta-destino'
2025-11-12 23:49:10 | INFO     | VultrDrive.s3_handler | get_bucket_size:193 | Tamaño del bucket 'almacen-de-backups-cuenta-destino': 411212631254 bytes (392162.93 MB)
2025-11-12 23:49:28 | DEBUG    | VultrDrive.core.task_runner | run:144 | Ejecutando tarea 'mount_drive[V:almacen-de-backups-cuenta-destino]'
2025-11-12 23:49:34 | INFO     | VultrDrive.ui.main_window | on_success:1356 | Montaje completado (mount_drive[V:almacen-de-backups-cuenta-destino]): Montado exitosamente en V:
2025-11-12 23:49:40 | DEBUG    | VultrDrive.s3_handler | get_bucket_size:182 | Calculando tamaño del bucket 'almacen-de-backups-cuenta-destino'
2025-11-12 23:49:40 | INFO     | VultrDrive.s3_handler | get_bucket_size:193 | Tamaño del bucket 'almacen-de-backups-cuenta-destino': 411212631254 bytes (392162.93 MB)
2025-11-12 23:50:10 | DEBUG    | VultrDrive.s3_handler | get_bucket_size:182 | Calculando tamaño del bucket 'almacen-de-backups-cuenta-destino'
2025-11-12 23:50:10 | INFO     | VultrDrive.s3_handler | get_bucket_size:193 | Tamaño del bucket 'almacen-de-backups-cuenta-destino': 411212631254 bytes (392162.93 MB)
2025-11-13 03:51:48 | INFO     | VultrDrive | __init__:78 | Logger inicializado. Logs en: C:\Users\Administrator\Desktop\VultrDriveDesktop\logs
2025-11-13 03:51:57 | INFO     | VultrDrive | __init__:78 | Logger inicializado. Logs en: C:\Users\Administrator\Desktop\VultrDriveDesktop\logs
2025-11-13 03:52:00 | INFO     | VultrDrive | __init__:78 | Logger inicializado. Logs en: C:\Users\Administrator\Desktop\VultrDriveDesktop\logs
2026-01-02 04:59:53 | INFO     | VultrDrive | __init__:78 | Logger inicializado. Logs en: C:\Users\Administrator\Desktop\vultr desktop\VultrDriveDesktop\logs
2026-01-02 04:59:55 | DEBUG    | VultrDrive | main:308 | WinFsp ya está instalado
2026-01-02 04:59:57 | DEBUG    | VultrDrive.s3_handler | __init__:65 | S3Handler inicializado para lax1.vultrobjects.com
2026-01-02 04:59:57 | INFO     | VultrDrive.ui.main_window | load_profile:1305 | Perfil 'almacen-de-backups-cuenta-destino' cargado exitosamente
2026-01-02 04:59:57 | DEBUG    | VultrDrive.core.task_runner | run:144 | Ejecutando tarea 'list_buckets[lax1.vultrobjects.com]'
2026-01-02 04:59:57 | DEBUG    | VultrDrive.s3_handler | list_buckets:90 | Intentando listar buckets desde lax1.vultrobjects.com
2026-01-02 04:59:58 | ERROR    | VultrDrive.s3_handler | list_buckets:111 | Error de autenticación: InvalidAccessKeyId - None
2026-01-02 04:59:58 | ERROR    | VultrDrive.ErrorHandler | _log_error:329 | [Autenticación] Credenciales inválidas. Verifica tu Access Key y Secret Key.

Error: None | Contexto: list_buckets
2026-01-02 04:59:58 | INFO     | VultrDrive.ErrorHandler | _log_error:332 | Sugerencia: 1. Verifica tu Access Key y Secret Key
2. Asegúrate de que las credenciales sean correctas
3. Verifica que la cuenta no esté bloqueada
2026-01-02 04:59:58 | DEBUG    | VultrDrive.core.task_runner | run:144 | Ejecutando tarea 'list_buckets[lax1.vultrobjects.com]'
2026-01-02 04:59:58 | DEBUG    | VultrDrive.s3_handler | list_buckets:90 | Intentando listar buckets desde lax1.vultrobjects.com
2026-01-02 04:59:58 | ERROR    | VultrDrive.s3_handler | list_buckets:111 | Error de autenticación: InvalidAccessKeyId - None
2026-01-02 04:59:58 | ERROR    | VultrDrive.ErrorHandler | _log_error:329 | [Autenticación] Credenciales inválidas. Verifica tu Access Key y Secret Key.

Error: None | Contexto: list_buckets
2026-01-02 04:59:58 | INFO     | VultrDrive.ErrorHandler | _log_error:332 | Sugerencia: 1. Verifica tu Access Key y Secret Key
2. Asegúrate de que las credenciales sean correctas
3. Verifica que la cuenta no esté bloqueada
2026-01-02 05:05:14 | ERROR    | VultrDrive.ui.main_window | _handle_bucket_response:1239 | Error al refrescar buckets: Credenciales inválidas. Verifica tu Access Key y Secret Key.

Error: None
2026-01-02 05:05:53 | ERROR    | VultrDrive.ui.main_window | _handle_bucket_response:1239 | Error al refrescar buckets: Credenciales inválidas. Verifica tu Access Key y Secret Key.

Error: None
2026-01-02 05:05:53 | INFO     | VultrDrive | main:385 | Aplicación iniciada correctamente
2026-01-02 05:06:10 | DEBUG    | VultrDrive.s3_handler | __init__:65 | S3Handler inicializado para sjc1.vultrobjects.com
2026-01-02 05:06:10 | INFO     | VultrDrive.ui.main_window | load_profile:1305 | Perfil 'Dolphin-1000' cargado exitosamente
2026-01-02 05:06:10 | DEBUG    | VultrDrive.core.task_runner | run:144 | Ejecutando tarea 'list_buckets[sjc1.vultrobjects.com]'
2026-01-02 05:06:10 | DEBUG    | VultrDrive.s3_handler | list_buckets:90 | Intentando listar buckets desde sjc1.vultrobjects.com
2026-01-02 05:06:10 | INFO     | VultrDrive.s3_handler | list_buckets:96 | Encontrados 1 buckets: ['test-antigravity']
2026-01-02 05:06:10 | INFO     | VultrDrive.ui.main_window | _handle_bucket_response:1244 | Buckets cargados exitosamente: 1
2026-01-02 05:06:10 | DEBUG    | VultrDrive.s3_handler | get_bucket_size:208 | Calculando tamaño del bucket 'test-antigravity'
2026-01-02 05:06:11 | INFO     | VultrDrive.s3_handler | get_bucket_size:219 | Tamaño del bucket 'test-antigravity': 0 bytes (0.00 MB)
2026-01-02 05:08:51 | INFO     | VultrDrive | __init__:78 | Logger inicializado. Logs en: C:\Users\Administrator\Desktop\vultr desktop\VultrDriveDesktop\logs
2026-01-02 05:08:53 | DEBUG    | VultrDrive | main:308 | WinFsp ya está instalado
2026-01-02 05:08:54 | DEBUG    | VultrDrive.s3_handler | __init__:65 | S3Handler inicializado para sjc1.vultrobjects.com
2026-01-02 05:08:54 | INFO     | VultrDrive.ui.main_window | load_profile:1305 | Perfil 'Dolphin-1000' cargado exitosamente
2026-01-02 05:08:54 | DEBUG    | VultrDrive.core.task_runner | run:144 | Ejecutando tarea 'list_buckets[sjc1.vultrobjects.com]'
2026-01-02 05:08:54 | DEBUG    | VultrDrive.s3_handler | list_buckets:90 | Intentando listar buckets desde sjc1.vultrobjects.com
2026-01-02 05:08:55 | INFO     | VultrDrive | main:385 | Aplicación iniciada correctamente
2026-01-02 05:08:55 | DEBUG    | VultrDrive.ui.main_window | refresh_buckets:1181 | Se ignoró refresh_buckets porque ya hay una operación en curso.
2026-01-02 05:08:55 | INFO     | VultrDrive.s3_handler | list_buckets:96 | Encontrados 1 buckets: ['fdsfdsaa']
2026-01-02 05:08:55 | INFO     | VultrDrive.ui.main_window | _handle_bucket_response:1244 | Buckets cargados exitosamente: 1
2026-01-02 05:08:55 | DEBUG    | VultrDrive.s3_handler | get_bucket_size:208 | Calculando tamaño del bucket 'fdsfdsaa'
